 2023-08-04 09:54:40,620 : INFO : Test_Add_Emp : test_addEmp_003 : 21 : test_addEmp_003 is started
 2023-08-04 09:54:40,621 : INFO : Test_Add_Emp : test_addEmp_003 : 22 : Opening Browser
 2023-08-04 09:54:42,737 : INFO : Test_Add_Emp : test_addEmp_003 : 29 : Entering username-->Admin
 2023-08-04 09:54:42,819 : INFO : Test_Add_Emp : test_addEmp_003 : 31 : Entering username-->admin123
 2023-08-04 09:54:44,508 : INFO : Test_Add_Emp : test_addEmp_003 : 36 : Click on login button
 2023-08-04 09:54:46,610 : INFO : Test_Add_Emp : test_addEmp_003 : 40 : Click on PIM button
 2023-08-04 09:54:47,878 : INFO : Test_Add_Emp : test_addEmp_003 : 43 : Click on Add button
 2023-08-04 09:54:48,649 : INFO : Test_Add_Emp : test_addEmp_003 : 46 : First Name
 2023-08-04 09:54:48,754 : INFO : Test_Add_Emp : test_addEmp_003 : 49 : Middle Name
 2023-08-04 09:54:48,840 : INFO : Test_Add_Emp : test_addEmp_003 : 52 : Last Name
 2023-08-04 09:54:51,936 : INFO : Test_Add_Emp : test_addEmp_003 : 57 : Click on Save button
 2023-08-04 09:54:58,893 : INFO : Test_Add_Emp : test_addEmp_003 : 66 : Click on Menu
 2023-08-04 09:55:03,435 : INFO : Test_Add_Emp : test_addEmp_003 : 69 : Click on logout button
 2023-08-04 09:55:03,564 : INFO : Test_Add_Emp : test_addEmp_003 : 73 : test_addEmp_003 is passed
 2023-08-04 09:55:03,564 : INFO : Test_Add_Emp : test_addEmp_003 : 80 : test_addEmp_003 is completed
 2023-08-04 10:00:11,149 : INFO : Test_Login : test_Page_Title_001 : 22 : test_Page_Title_001 is started
 2023-08-04 10:00:11,150 : INFO : Test_Login : test_Page_Title_001 : 23 : Opening Browser
 2023-08-04 10:00:12,944 : INFO : Test_Login : test_Page_Title_001 : 25 : Go to this url-->https://opensource-demo.orangehrmlive.com/
 2023-08-04 10:00:12,951 : INFO : Test_Login : test_Page_Title_001 : 33 : test_Page_Title_001 is Passed
 2023-08-04 10:00:12,958 : INFO : Test_Login : test_Page_Title_001 : 34 : Page Title is-->OrangeHRM
 2023-08-04 10:00:13,059 : INFO : Test_Login : test_Page_Title_001 : 40 : test_Page_Title_001 is completed
 2023-08-04 10:00:30,133 : INFO : Test_Login : test_login_002 : 51 : test_login_002 is started
 2023-08-04 10:00:30,133 : INFO : Test_Login : test_login_002 : 52 : Opening Browser
 2023-08-04 10:00:32,741 : INFO : Test_Login : test_login_002 : 54 : Go to this url-->https://opensource-demo.orangehrmlive.com/
 2023-08-04 10:00:33,256 : INFO : Test_Login : test_login_002 : 62 : Entering username-->Admin
 2023-08-04 10:00:33,333 : INFO : Test_Login : test_login_002 : 67 : Entering password-->admin123
 2023-08-04 10:00:35,252 : INFO : Test_Login : test_login_002 : 72 : Click on login button
 2023-08-04 10:00:40,311 : INFO : Test_Login : test_login_002 : 99 : Click on Menu button
 2023-08-04 10:00:41,638 : INFO : Test_Login : test_login_002 : 101 : Click on logout button
 2023-08-04 10:00:41,638 : INFO : Test_Login : test_login_002 : 102 : test_login_002 is Passed
 2023-08-04 10:00:41,752 : INFO : Test_Login : test_login_002 : 109 : test_login_002 is Completed
 2023-08-04 10:27:56,611 : INFO : Test_Login : test_Page_Title_001 : 22 : test_Page_Title_001 is started
 2023-08-04 10:27:56,619 : INFO : Test_Login : test_Page_Title_001 : 23 : Opening Browser
 2023-08-04 10:28:07,782 : INFO : Test_Login : test_Page_Title_001 : 25 : Go to this url-->https://opensource-demo.orangehrmlive.com/
 2023-08-04 10:28:07,796 : INFO : Test_Login : test_Page_Title_001 : 33 : test_Page_Title_001 is Passed
 2023-08-04 10:28:07,804 : INFO : Test_Login : test_Page_Title_001 : 34 : Page Title is-->OrangeHRM
 2023-08-04 10:28:07,912 : INFO : Test_Login : test_Page_Title_001 : 40 : test_Page_Title_001 is completed
 2023-08-04 10:28:09,398 : INFO : Test_Login : test_login_002 : 51 : test_login_002 is started
 2023-08-04 10:28:09,398 : INFO : Test_Login : test_login_002 : 52 : Opening Browser
 2023-08-04 10:28:19,331 : INFO : Test_Login : test_login_002 : 54 : Go to this url-->https://opensource-demo.orangehrmlive.com/
 2023-08-04 10:28:20,660 : INFO : Test_Login : test_login_002 : 62 : Entering username-->Admin
 2023-08-04 10:28:20,749 : INFO : Test_Login : test_login_002 : 67 : Entering password-->admin123
 2023-08-04 10:28:22,073 : INFO : Test_Login : test_login_002 : 72 : Click on login button
 2023-08-04 10:28:27,132 : INFO : Test_Login : test_login_002 : 99 : Click on Menu button
 2023-08-04 10:28:28,213 : INFO : Test_Login : test_login_002 : 101 : Click on logout button
 2023-08-04 10:28:28,213 : INFO : Test_Login : test_login_002 : 102 : test_login_002 is Passed
 2023-08-04 10:28:28,328 : INFO : Test_Login : test_login_002 : 109 : test_login_002 is Completed
 2023-08-04 11:47:18,143 : INFO : Test_Login : test_Page_Title_001 : 22 : test_Page_Title_001 is started
 2023-08-04 11:47:18,143 : INFO : Test_Login : test_Page_Title_001 : 23 : Opening Browser
 2023-08-04 11:47:32,400 : INFO : Test_Login : test_Page_Title_001 : 25 : Go to this url-->https://opensource-demo.orangehrmlive.com/
 2023-08-04 11:47:32,405 : INFO : Test_Login : test_Page_Title_001 : 33 : test_Page_Title_001 is Passed
 2023-08-04 11:47:32,413 : INFO : Test_Login : test_Page_Title_001 : 34 : Page Title is-->OrangeHRM
 2023-08-04 11:47:32,503 : INFO : Test_Login : test_Page_Title_001 : 40 : test_Page_Title_001 is completed
 2023-08-04 11:47:34,037 : INFO : Test_Login : test_login_002 : 51 : test_login_002 is started
 2023-08-04 11:47:34,037 : INFO : Test_Login : test_login_002 : 52 : Opening Browser
 2023-08-04 11:47:39,851 : INFO : Test_Login : test_login_002 : 54 : Go to this url-->https://opensource-demo.orangehrmlive.com/
 2023-08-04 11:47:40,959 : INFO : Test_Login : test_login_002 : 62 : Entering username-->Admin
 2023-08-04 11:47:41,040 : INFO : Test_Login : test_login_002 : 67 : Entering password-->admin123
 2023-08-04 11:47:42,309 : INFO : Test_Login : test_login_002 : 72 : Click on login button
 2023-08-04 11:47:47,371 : INFO : Test_Login : test_login_002 : 99 : Click on Menu button
 2023-08-04 11:47:48,219 : INFO : Test_Login : test_login_002 : 101 : Click on logout button
 2023-08-04 11:47:48,219 : INFO : Test_Login : test_login_002 : 102 : test_login_002 is Passed
 2023-08-04 11:47:48,309 : INFO : Test_Login : test_login_002 : 109 : test_login_002 is Completed
 2023-08-04 11:49:41,043 : INFO : Test_Login : test_Page_Title_001 : 22 : test_Page_Title_001 is started
 2023-08-04 11:49:41,043 : INFO : Test_Login : test_Page_Title_001 : 23 : Opening Browser
 2023-08-04 11:49:52,240 : INFO : Test_Login : test_Page_Title_001 : 25 : Go to this url-->https://opensource-demo.orangehrmlive.com/
 2023-08-04 11:49:52,248 : INFO : Test_Login : test_Page_Title_001 : 33 : test_Page_Title_001 is Passed
 2023-08-04 11:49:52,256 : INFO : Test_Login : test_Page_Title_001 : 34 : Page Title is-->OrangeHRM
 2023-08-04 11:49:52,338 : INFO : Test_Login : test_Page_Title_001 : 40 : test_Page_Title_001 is completed
 2023-08-04 11:49:53,707 : INFO : Test_Login : test_login_002 : 51 : test_login_002 is started
 2023-08-04 11:49:53,707 : INFO : Test_Login : test_login_002 : 52 : Opening Browser
 2023-08-04 11:50:02,982 : INFO : Test_Login : test_login_002 : 54 : Go to this url-->https://opensource-demo.orangehrmlive.com/
 2023-08-04 11:50:03,914 : INFO : Test_Login : test_login_002 : 62 : Entering username-->Admin
 2023-08-04 11:50:04,001 : INFO : Test_Login : test_login_002 : 67 : Entering password-->admin123
 2023-08-04 11:50:05,669 : INFO : Test_Login : test_login_002 : 72 : Click on login button
 2023-08-04 11:50:10,732 : INFO : Test_Login : test_login_002 : 99 : Click on Menu button
 2023-08-04 11:50:12,608 : INFO : Test_Login : test_login_002 : 101 : Click on logout button
 2023-08-04 11:50:12,608 : INFO : Test_Login : test_login_002 : 102 : test_login_002 is Passed
 2023-08-04 11:50:12,722 : INFO : Test_Login : test_login_002 : 109 : test_login_002 is Completed
 2023-08-04 11:55:03,106 : INFO : Test_Login : test_Page_Title_001 : 22 : test_Page_Title_001 is started
 2023-08-04 11:55:03,106 : INFO : Test_Login : test_Page_Title_001 : 23 : Opening Browser
 2023-08-04 11:55:26,426 : INFO : Test_Login : test_Page_Title_001 : 25 : Go to this url-->https://opensource-demo.orangehrmlive.com/
 2023-08-04 11:55:26,433 : INFO : Test_Login : test_Page_Title_001 : 33 : test_Page_Title_001 is Passed
 2023-08-04 11:55:26,441 : INFO : Test_Login : test_Page_Title_001 : 34 : Page Title is-->OrangeHRM
 2023-08-04 11:55:26,530 : INFO : Test_Login : test_Page_Title_001 : 40 : test_Page_Title_001 is completed
 2023-08-04 11:55:27,975 : INFO : Test_Login : test_login_002 : 51 : test_login_002 is started
 2023-08-04 11:55:27,975 : INFO : Test_Login : test_login_002 : 52 : Opening Browser
 2023-08-04 11:55:42,935 : INFO : Test_Login : test_login_002 : 54 : Go to this url-->https://opensource-demo.orangehrmlive.com/
 2023-08-04 11:55:44,035 : INFO : Test_Login : test_login_002 : 62 : Entering username-->Admin
 2023-08-04 11:55:44,119 : INFO : Test_Login : test_login_002 : 67 : Entering password-->admin123
 2023-08-04 11:55:46,205 : INFO : Test_Login : test_login_002 : 72 : Click on login button
 2023-08-04 11:55:51,272 : INFO : Test_Login : test_login_002 : 99 : Click on Menu button
 2023-08-04 11:55:52,347 : INFO : Test_Login : test_login_002 : 101 : Click on logout button
 2023-08-04 11:55:52,347 : INFO : Test_Login : test_login_002 : 102 : test_login_002 is Passed
 2023-08-04 11:55:52,472 : INFO : Test_Login : test_login_002 : 109 : test_login_002 is Completed
 2023-08-04 11:58:50,797 : INFO : Test_Login : test_Page_Title_001 : 22 : test_Page_Title_001 is started
 2023-08-04 11:58:50,797 : INFO : Test_Login : test_Page_Title_001 : 23 : Opening Browser
 2023-08-04 11:59:00,896 : INFO : Test_Login : test_Page_Title_001 : 25 : Go to this url-->https://opensource-demo.orangehrmlive.com/
 2023-08-04 11:59:00,904 : INFO : Test_Login : test_Page_Title_001 : 33 : test_Page_Title_001 is Passed
 2023-08-04 11:59:00,912 : INFO : Test_Login : test_Page_Title_001 : 34 : Page Title is-->OrangeHRM
 2023-08-04 11:59:00,994 : INFO : Test_Login : test_Page_Title_001 : 40 : test_Page_Title_001 is completed
 2023-08-04 11:59:02,476 : INFO : Test_Login : test_login_002 : 51 : test_login_002 is started
 2023-08-04 11:59:02,476 : INFO : Test_Login : test_login_002 : 52 : Opening Browser
 2023-08-04 11:59:20,296 : INFO : Test_Login : test_login_002 : 54 : Go to this url-->https://opensource-demo.orangehrmlive.com/
 2023-08-04 11:59:22,167 : INFO : Test_Login : test_login_002 : 62 : Entering username-->Admin
 2023-08-04 11:59:22,232 : INFO : Test_Login : test_login_002 : 67 : Entering password-->admin123
 2023-08-04 11:59:24,072 : INFO : Test_Login : test_login_002 : 72 : Click on login button
 2023-08-04 11:59:29,141 : INFO : Test_Login : test_login_002 : 99 : Click on Menu button
 2023-08-04 11:59:30,598 : INFO : Test_Login : test_login_002 : 101 : Click on logout button
 2023-08-04 11:59:30,598 : INFO : Test_Login : test_login_002 : 102 : test_login_002 is Passed
 2023-08-04 11:59:30,696 : INFO : Test_Login : test_login_002 : 109 : test_login_002 is Completed
 2023-08-04 12:11:13,679 : INFO : Test_Login : test_Page_Title_001 : 22 : test_Page_Title_001 is started
 2023-08-04 12:11:13,679 : INFO : Test_Login : test_Page_Title_001 : 23 : Opening Browser
 2023-08-04 12:11:31,693 : INFO : Test_Login : test_Page_Title_001 : 25 : Go to this url-->https://opensource-demo.orangehrmlive.com/
 2023-08-04 12:11:31,700 : INFO : Test_Login : test_Page_Title_001 : 33 : test_Page_Title_001 is Passed
 2023-08-04 12:11:31,717 : INFO : Test_Login : test_Page_Title_001 : 34 : Page Title is-->OrangeHRM
 2023-08-04 12:11:31,840 : INFO : Test_Login : test_Page_Title_001 : 40 : test_Page_Title_001 is completed
 2023-08-04 12:11:33,382 : INFO : Test_Login : test_login_002 : 51 : test_login_002 is started
 2023-08-04 12:11:33,382 : INFO : Test_Login : test_login_002 : 52 : Opening Browser
 2023-08-04 12:11:48,264 : INFO : Test_Login : test_login_002 : 54 : Go to this url-->https://opensource-demo.orangehrmlive.com/
 2023-08-04 12:11:49,663 : INFO : Test_Login : test_login_002 : 62 : Entering username-->Admin
 2023-08-04 12:11:49,759 : INFO : Test_Login : test_login_002 : 67 : Entering password-->admin123
 2023-08-04 12:11:51,611 : INFO : Test_Login : test_login_002 : 72 : Click on login button
 2023-08-04 12:11:56,693 : INFO : Test_Login : test_login_002 : 99 : Click on Menu button
 2023-08-04 12:11:57,801 : INFO : Test_Login : test_login_002 : 101 : Click on logout button
 2023-08-04 12:11:57,801 : INFO : Test_Login : test_login_002 : 102 : test_login_002 is Passed
 2023-08-04 12:11:57,925 : INFO : Test_Login : test_login_002 : 109 : test_login_002 is Completed
 2023-08-04 12:18:36,105 : INFO : Test_Login : test_Page_Title_001 : 22 : test_Page_Title_001 is started
 2023-08-04 12:18:36,105 : INFO : Test_Login : test_Page_Title_001 : 23 : Opening Browser
 2023-08-04 12:18:50,499 : INFO : Test_Login : test_Page_Title_001 : 25 : Go to this url-->https://opensource-demo.orangehrmlive.com/
 2023-08-04 12:18:50,509 : INFO : Test_Login : test_Page_Title_001 : 33 : test_Page_Title_001 is Passed
 2023-08-04 12:18:50,517 : INFO : Test_Login : test_Page_Title_001 : 34 : Page Title is-->OrangeHRM
 2023-08-04 12:18:50,624 : INFO : Test_Login : test_Page_Title_001 : 40 : test_Page_Title_001 is completed
 2023-08-04 12:18:52,092 : INFO : Test_Login : test_login_002 : 51 : test_login_002 is started
 2023-08-04 12:18:52,092 : INFO : Test_Login : test_login_002 : 52 : Opening Browser
 2023-08-04 12:19:05,812 : INFO : Test_Login : test_login_002 : 54 : Go to this url-->https://opensource-demo.orangehrmlive.com/
 2023-08-04 12:19:08,220 : INFO : Test_Login : test_login_002 : 62 : Entering username-->Admin
 2023-08-04 12:19:08,285 : INFO : Test_Login : test_login_002 : 67 : Entering password-->admin123
 2023-08-04 12:19:09,936 : INFO : Test_Login : test_login_002 : 72 : Click on login button
 2023-08-04 12:19:14,999 : INFO : Test_Login : test_login_002 : 99 : Click on Menu button
 2023-08-04 12:19:15,866 : INFO : Test_Login : test_login_002 : 101 : Click on logout button
 2023-08-04 12:19:15,874 : INFO : Test_Login : test_login_002 : 102 : test_login_002 is Passed
 2023-08-04 12:19:15,973 : INFO : Test_Login : test_login_002 : 109 : test_login_002 is Completed
 2023-08-04 12:49:08,106 : INFO : Test_Login_Params : test_login_params_004 : 21 : test_login_002 is started
 2023-08-04 12:49:08,106 : INFO : Test_Login_Params : test_login_params_004 : 22 : Opening Browser
 2023-08-04 12:49:18,759 : INFO : Test_Login_Params : test_login_params_004 : 24 : Go to this url-->https://opensource-demo.orangehrmlive.com/
 2023-08-04 12:49:20,127 : INFO : Test_Login_Params : test_login_params_004 : 32 : Entering username-->Admin
 2023-08-04 12:49:20,220 : INFO : Test_Login_Params : test_login_params_004 : 37 : Entering password-->admin123
 2023-08-04 12:49:21,534 : INFO : Test_Login_Params : test_login_params_004 : 42 : Click on login button
 2023-08-04 12:49:26,609 : INFO : Test_Login_Params : test_login_params_004 : 68 : Click on Menu button
 2023-08-04 12:49:27,435 : INFO : Test_Login_Params : test_login_params_004 : 70 : Click on logout button
 2023-08-04 12:49:27,435 : INFO : Test_Login_Params : test_login_params_004 : 71 : test_login_002 is Passed
 2023-08-04 12:49:27,532 : INFO : Test_Login_Params : test_login_params_004 : 78 : test_login_002 is Completed
 2023-08-04 12:49:29,017 : INFO : Test_Login_Params : test_login_params_004 : 21 : test_login_002 is started
 2023-08-04 12:49:29,017 : INFO : Test_Login_Params : test_login_params_004 : 22 : Opening Browser
 2023-08-04 12:49:45,905 : INFO : Test_Login_Params : test_login_params_004 : 24 : Go to this url-->https://opensource-demo.orangehrmlive.com/
 2023-08-04 12:49:47,627 : INFO : Test_Login_Params : test_login_params_004 : 32 : Entering username-->Admin1
 2023-08-04 12:49:47,724 : INFO : Test_Login_Params : test_login_params_004 : 37 : Entering password-->admin123
 2023-08-04 12:49:48,792 : INFO : Test_Login_Params : test_login_params_004 : 42 : Click on login button
 2023-08-04 12:50:05,301 : INFO : Test_Login_Params : test_login_params_004 : 21 : test_login_002 is started
 2023-08-04 12:50:05,301 : INFO : Test_Login_Params : test_login_params_004 : 22 : Opening Browser
 2023-08-04 12:50:18,522 : INFO : Test_Login_Params : test_login_params_004 : 24 : Go to this url-->https://opensource-demo.orangehrmlive.com/
 2023-08-04 12:50:19,976 : INFO : Test_Login_Params : test_login_params_004 : 32 : Entering username-->Admin
 2023-08-04 12:50:20,049 : INFO : Test_Login_Params : test_login_params_004 : 37 : Entering password-->admin1234
 2023-08-04 12:50:21,546 : INFO : Test_Login_Params : test_login_params_004 : 42 : Click on login button
 2023-08-04 12:50:38,094 : INFO : Test_Login_Params : test_login_params_004 : 21 : test_login_002 is started
 2023-08-04 12:50:38,094 : INFO : Test_Login_Params : test_login_params_004 : 22 : Opening Browser
 2023-08-04 12:50:50,560 : INFO : Test_Login_Params : test_login_params_004 : 24 : Go to this url-->https://opensource-demo.orangehrmlive.com/
 2023-08-04 12:50:51,339 : INFO : Test_Login_Params : test_login_params_004 : 32 : Entering username-->Admin1
 2023-08-04 12:50:51,430 : INFO : Test_Login_Params : test_login_params_004 : 37 : Entering password-->admin1234
 2023-08-04 12:50:52,793 : INFO : Test_Login_Params : test_login_params_004 : 42 : Click on login button
 2023-08-04 14:18:22,241 : INFO : Test_Login_Params : test_login_params_004 : 21 : test_login_002 is started
 2023-08-04 14:18:22,241 : INFO : Test_Login_Params : test_login_params_004 : 22 : Opening Browser
 2023-08-04 14:18:24,035 : INFO : Test_Login_Params : test_login_params_004 : 21 : test_login_002 is started
 2023-08-04 14:18:24,037 : INFO : Test_Login_Params : test_login_params_004 : 22 : Opening Browser
 2023-08-04 14:18:25,825 : INFO : Test_Login_Params : test_login_params_004 : 21 : test_login_002 is started
 2023-08-04 14:18:25,825 : INFO : Test_Login_Params : test_login_params_004 : 22 : Opening Browser
 2023-08-04 14:18:27,772 : INFO : Test_Login_Params : test_login_params_004 : 21 : test_login_002 is started
 2023-08-04 14:18:27,772 : INFO : Test_Login_Params : test_login_params_004 : 22 : Opening Browser
 2023-08-04 14:20:04,610 : INFO : Test_Login_Params : test_login_params_004 : 21 : test_login_002 is started
 2023-08-04 14:20:04,610 : INFO : Test_Login_Params : test_login_params_004 : 22 : Opening Browser
 2023-08-04 14:20:14,438 : INFO : Test_Login_Params : test_login_params_004 : 24 : Go to this url-->https://opensource-demo.orangehrmlive.com/
 2023-08-04 14:20:15,516 : INFO : Test_Login_Params : test_login_params_004 : 32 : Entering username-->Admin
 2023-08-04 14:20:15,598 : INFO : Test_Login_Params : test_login_params_004 : 37 : Entering password-->admin123
 2023-08-04 14:20:17,057 : INFO : Test_Login_Params : test_login_params_004 : 42 : Click on login button
 2023-08-04 14:20:22,129 : INFO : Test_Login_Params : test_login_params_004 : 69 : Click on Menu button
 2023-08-04 14:20:23,288 : INFO : Test_Login_Params : test_login_params_004 : 71 : Click on logout button
 2023-08-04 14:20:23,288 : INFO : Test_Login_Params : test_login_params_004 : 72 : test_login_002 is Passed
 2023-08-04 14:20:23,390 : INFO : Test_Login_Params : test_login_params_004 : 85 : test_login_002 is Completed
 2023-08-04 14:20:24,793 : INFO : Test_Login_Params : test_login_params_004 : 21 : test_login_002 is started
 2023-08-04 14:20:24,793 : INFO : Test_Login_Params : test_login_params_004 : 22 : Opening Browser
 2023-08-04 14:20:37,305 : INFO : Test_Login_Params : test_login_params_004 : 24 : Go to this url-->https://opensource-demo.orangehrmlive.com/
 2023-08-04 14:20:38,418 : INFO : Test_Login_Params : test_login_params_004 : 32 : Entering username-->Admin1
 2023-08-04 14:20:38,514 : INFO : Test_Login_Params : test_login_params_004 : 37 : Entering password-->admin123
 2023-08-04 14:20:39,944 : INFO : Test_Login_Params : test_login_params_004 : 42 : Click on login button
 2023-08-04 14:20:56,439 : INFO : Test_Login_Params : test_login_params_004 : 21 : test_login_002 is started
 2023-08-04 14:20:56,440 : INFO : Test_Login_Params : test_login_params_004 : 22 : Opening Browser
 2023-08-04 14:21:06,825 : INFO : Test_Login_Params : test_login_params_004 : 24 : Go to this url-->https://opensource-demo.orangehrmlive.com/
 2023-08-04 14:21:08,231 : INFO : Test_Login_Params : test_login_params_004 : 32 : Entering username-->Admin
 2023-08-04 14:21:08,315 : INFO : Test_Login_Params : test_login_params_004 : 37 : Entering password-->admin1234
 2023-08-04 14:21:12,758 : INFO : Test_Login_Params : test_login_params_004 : 42 : Click on login button
 2023-08-04 14:21:29,284 : INFO : Test_Login_Params : test_login_params_004 : 21 : test_login_002 is started
 2023-08-04 14:21:29,286 : INFO : Test_Login_Params : test_login_params_004 : 22 : Opening Browser
 2023-08-04 14:21:43,866 : INFO : Test_Login_Params : test_login_params_004 : 24 : Go to this url-->https://opensource-demo.orangehrmlive.com/
 2023-08-04 14:21:46,639 : INFO : Test_Login_Params : test_login_params_004 : 32 : Entering username-->Admin1
 2023-08-04 14:21:46,728 : INFO : Test_Login_Params : test_login_params_004 : 37 : Entering password-->admin1234
 2023-08-04 14:21:48,741 : INFO : Test_Login_Params : test_login_params_004 : 42 : Click on login button
 2023-08-04 18:52:36,867 : INFO : Test_Search_Emp : test_searchEmp_005 : 19 : test_searchEmp_005 is started
 2023-08-04 18:52:36,868 : INFO : Test_Search_Emp : test_searchEmp_005 : 23 : opening browser
 2023-08-04 18:52:43,466 : INFO : Test_Search_Emp : test_searchEmp_005 : 25 : Going to url-->https://opensource-demo.orangehrmlive.com/
 2023-08-04 18:52:48,535 : INFO : Test_Search_Emp : test_searchEmp_005 : 32 : Entering username-->Admin
 2023-08-04 18:52:48,620 : INFO : Test_Search_Emp : test_searchEmp_005 : 35 : Entering Password-->admin123
 2023-08-04 18:52:53,666 : INFO : Test_Search_Emp : test_searchEmp_005 : 40 : Click on login button
 2023-08-04 18:52:57,224 : INFO : Test_Search_Emp : test_searchEmp_005 : 46 : Click on PIM button
 2023-08-04 18:53:00,303 : INFO : Test_Search_Emp : test_searchEmp_005 : 53 : Entering EmpName
 2023-08-04 18:53:00,376 : INFO : Test_Search_Emp : test_searchEmp_005 : 56 : Click on Search
 2023-08-04 18:54:24,129 : INFO : Test_Search_Emp : test_searchEmp_005 : 19 : test_searchEmp_005 is started
 2023-08-04 18:54:24,129 : INFO : Test_Search_Emp : test_searchEmp_005 : 23 : opening browser
 2023-08-04 18:54:39,490 : INFO : Test_Search_Emp : test_searchEmp_005 : 25 : Going to url-->https://opensource-demo.orangehrmlive.com/
 2023-08-04 18:54:44,565 : INFO : Test_Search_Emp : test_searchEmp_005 : 32 : Entering username-->Admin
 2023-08-04 18:54:44,620 : INFO : Test_Search_Emp : test_searchEmp_005 : 35 : Entering Password-->admin123
 2023-08-04 18:54:50,862 : INFO : Test_Search_Emp : test_searchEmp_005 : 40 : Click on login button
 2023-08-04 18:54:52,495 : INFO : Test_Search_Emp : test_searchEmp_005 : 46 : Click on PIM button
 2023-08-04 18:54:55,568 : INFO : Test_Search_Emp : test_searchEmp_005 : 53 : Entering EmpName
 2023-08-04 18:54:55,613 : INFO : Test_Search_Emp : test_searchEmp_005 : 56 : Click on Search
 2023-08-04 18:59:48,168 : INFO : Test_Search_Emp : test_searchEmp_005 : 18 : test_searchEmp_005 is started
 2023-08-04 18:59:48,168 : INFO : Test_Search_Emp : test_searchEmp_005 : 22 : opening browser
 2023-08-04 18:59:53,768 : INFO : Test_Search_Emp : test_searchEmp_005 : 24 : Going to url-->https://opensource-demo.orangehrmlive.com/
 2023-08-04 18:59:58,838 : INFO : Test_Search_Emp : test_searchEmp_005 : 31 : Entering username-->Admin
 2023-08-04 18:59:58,899 : INFO : Test_Search_Emp : test_searchEmp_005 : 34 : Entering Password-->admin123
 2023-08-04 19:00:05,740 : INFO : Test_Search_Emp : test_searchEmp_005 : 39 : Click on login button
 2023-08-04 19:00:08,111 : INFO : Test_Search_Emp : test_searchEmp_005 : 45 : Click on PIM button
 2023-08-04 19:00:11,182 : INFO : Test_Search_Emp : test_searchEmp_005 : 52 : Entering EmpName
 2023-08-04 19:00:11,233 : INFO : Test_Search_Emp : test_searchEmp_005 : 55 : Click on Search
 2023-08-04 19:02:55,127 : INFO : Test_Search_Emp : test_searchEmp_005 : 18 : test_searchEmp_005 is started
 2023-08-04 19:02:55,128 : INFO : Test_Search_Emp : test_searchEmp_005 : 22 : opening browser
 2023-08-04 19:03:00,329 : INFO : Test_Search_Emp : test_searchEmp_005 : 24 : Going to url-->https://opensource-demo.orangehrmlive.com/
 2023-08-04 19:03:05,390 : INFO : Test_Search_Emp : test_searchEmp_005 : 31 : Entering username-->Admin
 2023-08-04 19:03:05,466 : INFO : Test_Search_Emp : test_searchEmp_005 : 34 : Entering Password-->admin123
 2023-08-04 19:03:12,088 : INFO : Test_Search_Emp : test_searchEmp_005 : 39 : Click on login button
 2023-08-04 19:03:13,889 : INFO : Test_Search_Emp : test_searchEmp_005 : 45 : Click on PIM button
 2023-08-04 19:03:16,974 : INFO : Test_Search_Emp : test_searchEmp_005 : 52 : Entering EmpName
 2023-08-04 19:03:17,026 : INFO : Test_Search_Emp : test_searchEmp_005 : 55 : Click on Search
 2023-08-04 19:04:31,234 : INFO : Test_Search_Emp : test_searchEmp_005 : 18 : test_searchEmp_005 is started
 2023-08-04 19:04:31,235 : INFO : Test_Search_Emp : test_searchEmp_005 : 22 : opening browser
 2023-08-04 19:04:37,663 : INFO : Test_Search_Emp : test_searchEmp_005 : 24 : Going to url-->https://opensource-demo.orangehrmlive.com/
 2023-08-04 19:04:42,736 : INFO : Test_Search_Emp : test_searchEmp_005 : 31 : Entering username-->Admin
 2023-08-04 19:04:42,799 : INFO : Test_Search_Emp : test_searchEmp_005 : 34 : Entering Password-->admin123
 2023-08-04 19:04:49,448 : INFO : Test_Search_Emp : test_searchEmp_005 : 39 : Click on login button
 2023-08-04 19:04:51,429 : INFO : Test_Search_Emp : test_searchEmp_005 : 45 : Click on PIM button
 2023-08-04 19:04:54,504 : INFO : Test_Search_Emp : test_searchEmp_005 : 52 : Entering EmpName
 2023-08-04 19:04:54,558 : INFO : Test_Search_Emp : test_searchEmp_005 : 55 : Click on Search
 2023-08-04 19:15:53,036 : INFO : Test_Search_Emp : test_searchEmp_005 : 18 : test_searchEmp_005 is started
 2023-08-04 19:15:53,038 : INFO : Test_Search_Emp : test_searchEmp_005 : 22 : opening browser
 2023-08-04 19:16:04,824 : INFO : Test_Search_Emp : test_searchEmp_005 : 24 : Going to url-->https://opensource-demo.orangehrmlive.com/
 2023-08-04 19:16:09,952 : INFO : Test_Search_Emp : test_searchEmp_005 : 31 : Entering username-->Admin
 2023-08-04 19:16:10,046 : INFO : Test_Search_Emp : test_searchEmp_005 : 34 : Entering Password-->admin123
 2023-08-04 19:16:16,978 : INFO : Test_Search_Emp : test_searchEmp_005 : 39 : Click on login button
 2023-08-04 19:16:19,146 : INFO : Test_Search_Emp : test_searchEmp_005 : 45 : Click on PIM button
 2023-08-04 19:16:22,232 : INFO : Test_Search_Emp : test_searchEmp_005 : 52 : Entering EmpName
 2023-08-04 19:16:22,301 : INFO : Test_Search_Emp : test_searchEmp_005 : 55 : Click on Search
 2023-08-04 19:16:28,038 : INFO : Test_Search_Emp : test_searchEmp_005 : 64 : Search Found
 2023-08-04 19:16:28,038 : INFO : Test_Search_Emp : test_searchEmp_005 : 65 : test_searchEmp_005 is Passed
 2023-08-04 19:16:28,102 : INFO : Test_Search_Emp : test_searchEmp_005 : 68 : Click on Menu Button
 2023-08-04 19:16:29,619 : INFO : Test_Search_Emp : test_searchEmp_005 : 71 : Click on logout Button
 2023-08-04 19:16:29,627 : INFO : Test_Search_Emp : test_searchEmp_005 : 75 : test_searchEmp_005 is Passed
 2023-08-04 20:05:36,095 : INFO : Test_Add_Emp_DDT : test_addEmp_ddt_006 : 25 : test_addEmp_ddt_006 is started
 2023-08-04 20:05:36,095 : INFO : Test_Add_Emp_DDT : test_addEmp_ddt_006 : 26 : Opening Browser
 2023-08-04 20:05:54,438 : INFO : Test_Add_Emp_DDT : test_addEmp_ddt_006 : 33 : Entering username-->Admin
 2023-08-04 20:05:54,541 : INFO : Test_Add_Emp_DDT : test_addEmp_ddt_006 : 35 : Entering username-->admin123
 2023-08-04 20:05:56,253 : INFO : Test_Add_Emp_DDT : test_addEmp_ddt_006 : 40 : Click on login button
 2023-08-04 20:11:21,603 : INFO : Test_Add_Emp_DDT : test_addEmp_ddt_006 : 25 : test_addEmp_ddt_006 is started
 2023-08-04 20:11:21,603 : INFO : Test_Add_Emp_DDT : test_addEmp_ddt_006 : 26 : Opening Browser
 2023-08-04 20:11:23,815 : INFO : Test_Add_Emp_DDT : test_addEmp_ddt_006 : 33 : Entering username-->Admin
 2023-08-04 20:11:23,911 : INFO : Test_Add_Emp_DDT : test_addEmp_ddt_006 : 35 : Entering username-->admin123
 2023-08-04 20:11:23,974 : INFO : Test_Add_Emp_DDT : test_addEmp_ddt_006 : 40 : Click on login button
 2023-08-04 20:12:09,112 : INFO : Test_Add_Emp_DDT : test_addEmp_ddt_006 : 25 : test_addEmp_ddt_006 is started
 2023-08-04 20:12:09,112 : INFO : Test_Add_Emp_DDT : test_addEmp_ddt_006 : 26 : Opening Browser
 2023-08-04 20:12:10,685 : INFO : Test_Add_Emp_DDT : test_addEmp_ddt_006 : 33 : Entering username-->Admin
 2023-08-04 20:12:10,791 : INFO : Test_Add_Emp_DDT : test_addEmp_ddt_006 : 35 : Entering username-->admin123
 2023-08-04 20:12:12,196 : INFO : Test_Add_Emp_DDT : test_addEmp_ddt_006 : 40 : Click on login button
 2023-08-04 20:19:07,255 : INFO : Test_Add_Emp_DDT : test_addEmp_ddt_006 : 25 : test_addEmp_ddt_006 is started
 2023-08-04 20:19:07,255 : INFO : Test_Add_Emp_DDT : test_addEmp_ddt_006 : 26 : Opening Browser
 2023-08-04 20:19:08,824 : INFO : Test_Add_Emp_DDT : test_addEmp_ddt_006 : 33 : Entering username-->Admin
 2023-08-04 20:19:08,939 : INFO : Test_Add_Emp_DDT : test_addEmp_ddt_006 : 35 : Entering username-->admin123
 2023-08-04 20:19:10,432 : INFO : Test_Add_Emp_DDT : test_addEmp_ddt_006 : 40 : Click on login button
 2023-08-04 20:21:13,359 : INFO : Test_Add_Emp_DDT : test_addEmp_ddt_006 : 25 : test_addEmp_ddt_006 is started
 2023-08-04 20:21:13,359 : INFO : Test_Add_Emp_DDT : test_addEmp_ddt_006 : 26 : Opening Browser
 2023-08-04 20:21:14,886 : INFO : Test_Add_Emp_DDT : test_addEmp_ddt_006 : 33 : Entering username-->Admin
 2023-08-04 20:21:14,984 : INFO : Test_Add_Emp_DDT : test_addEmp_ddt_006 : 35 : Entering username-->admin123
 2023-08-04 20:21:16,498 : INFO : Test_Add_Emp_DDT : test_addEmp_ddt_006 : 40 : Click on login button
 2023-08-04 20:23:45,568 : INFO : Test_Add_Emp_DDT : test_addEmp_ddt_006 : 25 : test_addEmp_ddt_006 is started
 2023-08-04 20:23:45,569 : INFO : Test_Add_Emp_DDT : test_addEmp_ddt_006 : 26 : Opening Browser
 2023-08-04 20:23:47,338 : INFO : Test_Add_Emp_DDT : test_addEmp_ddt_006 : 33 : Entering username-->Admin
 2023-08-04 20:23:47,441 : INFO : Test_Add_Emp_DDT : test_addEmp_ddt_006 : 35 : Entering username-->admin123
 2023-08-04 20:23:47,513 : INFO : Test_Add_Emp_DDT : test_addEmp_ddt_006 : 40 : Click on login button
 2023-08-04 20:24:51,500 : INFO : Test_Add_Emp_DDT : test_addEmp_ddt_006 : 25 : test_addEmp_ddt_006 is started
 2023-08-04 20:24:51,500 : INFO : Test_Add_Emp_DDT : test_addEmp_ddt_006 : 26 : Opening Browser
 2023-08-04 20:24:53,884 : INFO : Test_Add_Emp_DDT : test_addEmp_ddt_006 : 33 : Entering username-->Admin
 2023-08-04 20:24:53,975 : INFO : Test_Add_Emp_DDT : test_addEmp_ddt_006 : 35 : Entering username-->admin123
 2023-08-04 20:24:54,034 : INFO : Test_Add_Emp_DDT : test_addEmp_ddt_006 : 40 : Click on login button
 2023-08-04 20:26:54,281 : INFO : Test_Add_Emp_DDT : test_addEmp_ddt_006 : 25 : test_addEmp_ddt_006 is started
 2023-08-04 20:26:54,282 : INFO : Test_Add_Emp_DDT : test_addEmp_ddt_006 : 26 : Opening Browser
 2023-08-04 20:26:56,551 : INFO : Test_Add_Emp_DDT : test_addEmp_ddt_006 : 33 : Entering username-->Admin
 2023-08-04 20:26:56,644 : INFO : Test_Add_Emp_DDT : test_addEmp_ddt_006 : 35 : Entering username-->admin123
 2023-08-04 20:26:56,709 : INFO : Test_Add_Emp_DDT : test_addEmp_ddt_006 : 40 : Click on login button
 2023-08-04 20:28:25,417 : INFO : Test_Add_Emp_DDT : test_addEmp_ddt_006 : 25 : test_addEmp_ddt_006 is started
 2023-08-04 20:28:25,418 : INFO : Test_Add_Emp_DDT : test_addEmp_ddt_006 : 26 : Opening Browser
 2023-08-04 20:28:27,070 : INFO : Test_Add_Emp_DDT : test_addEmp_ddt_006 : 33 : Entering username-->Admin
 2023-08-04 20:28:27,168 : INFO : Test_Add_Emp_DDT : test_addEmp_ddt_006 : 35 : Entering username-->admin123
 2023-08-04 20:28:28,692 : INFO : Test_Add_Emp_DDT : test_addEmp_ddt_006 : 40 : Click on login button
 2023-08-04 20:33:42,373 : INFO : Test_Add_Emp_DDT : test_addEmp_ddt_006 : 27 : test_addEmp_ddt_006 is started
 2023-08-04 20:33:42,373 : INFO : Test_Add_Emp_DDT : test_addEmp_ddt_006 : 28 : Opening Browser
 2023-08-04 20:33:44,749 : INFO : Test_Add_Emp_DDT : test_addEmp_ddt_006 : 35 : Entering username-->Admin
 2023-08-04 20:33:44,848 : INFO : Test_Add_Emp_DDT : test_addEmp_ddt_006 : 37 : Entering username-->admin123
 2023-08-04 20:33:44,906 : INFO : Test_Add_Emp_DDT : test_addEmp_ddt_006 : 42 : Click on login button
 2023-08-04 22:10:31,435 : INFO : Test_Add_Emp_DDT : test_addEmp_ddt_006 : 27 : test_addEmp_ddt_006 is started
 2023-08-04 22:10:31,435 : INFO : Test_Add_Emp_DDT : test_addEmp_ddt_006 : 28 : Opening Browser
 2023-08-04 23:11:09,114 : INFO : Test_Add_Emp_DDT : test_addEmp_ddt_006 : 27 : test_addEmp_ddt_006 is started
 2023-08-04 23:11:09,114 : INFO : Test_Add_Emp_DDT : test_addEmp_ddt_006 : 28 : Opening Browser
 2023-08-04 23:11:18,722 : INFO : Test_Add_Emp_DDT : test_addEmp_ddt_006 : 36 : Entering username-->Admin
 2023-08-04 23:11:18,864 : INFO : Test_Add_Emp_DDT : test_addEmp_ddt_006 : 38 : Entering username-->admin123
 2023-08-04 23:11:20,900 : INFO : Test_Add_Emp_DDT : test_addEmp_ddt_006 : 43 : Click on login button
 2023-08-04 23:24:00,676 : INFO : Test_Add_Emp_DDT : test_addEmp_ddt_006 : 27 : test_addEmp_ddt_006 is started
 2023-08-04 23:24:00,677 : INFO : Test_Add_Emp_DDT : test_addEmp_ddt_006 : 28 : Opening Browser
 2023-08-04 23:24:10,785 : INFO : Test_Add_Emp_DDT : test_addEmp_ddt_006 : 36 : Entering username-->Admin
 2023-08-04 23:24:10,900 : INFO : Test_Add_Emp_DDT : test_addEmp_ddt_006 : 38 : Entering username-->admin123
 2023-08-04 23:24:12,976 : INFO : Test_Add_Emp_DDT : test_addEmp_ddt_006 : 43 : Click on login button
 2023-08-04 23:25:14,014 : INFO : Test_Add_Emp_DDT : test_addEmp_ddt_006 : 27 : test_addEmp_ddt_006 is started
 2023-08-04 23:25:14,014 : INFO : Test_Add_Emp_DDT : test_addEmp_ddt_006 : 28 : Opening Browser
 2023-08-04 23:25:23,887 : INFO : Test_Add_Emp_DDT : test_addEmp_ddt_006 : 36 : Entering username-->Admin
 2023-08-04 23:25:23,993 : INFO : Test_Add_Emp_DDT : test_addEmp_ddt_006 : 38 : Entering username-->admin123
 2023-08-04 23:25:24,071 : INFO : Test_Add_Emp_DDT : test_addEmp_ddt_006 : 43 : Click on login button
 2023-08-04 23:40:44,938 : INFO : Test_Add_Emp_DDT : test_addEmp_ddt_006 : 27 : test_addEmp_ddt_006 is started
 2023-08-04 23:40:44,939 : INFO : Test_Add_Emp_DDT : test_addEmp_ddt_006 : 28 : Opening Browser
 2023-08-04 23:40:54,784 : INFO : Test_Add_Emp_DDT : test_addEmp_ddt_006 : 36 : Entering username-->Admin
 2023-08-04 23:40:54,889 : INFO : Test_Add_Emp_DDT : test_addEmp_ddt_006 : 38 : Entering username-->admin123
 2023-08-04 23:40:56,361 : INFO : Test_Add_Emp_DDT : test_addEmp_ddt_006 : 43 : Click on login button
 2023-08-04 23:40:58,468 : INFO : Test_Add_Emp_DDT : test_addEmp_ddt_006 : 50 : Click on PIM button
 2023-08-04 23:40:59,999 : INFO : Test_Add_Emp_DDT : test_addEmp_ddt_006 : 53 : Click on Add button
 2023-08-04 23:41:00,662 : INFO : Test_Add_Emp_DDT : test_addEmp_ddt_006 : 61 : First Name
 2023-08-04 23:41:00,742 : INFO : Test_Add_Emp_DDT : test_addEmp_ddt_006 : 64 : Middle Name
 2023-08-04 23:41:00,830 : INFO : Test_Add_Emp_DDT : test_addEmp_ddt_006 : 67 : Last Name
 2023-08-04 23:41:03,892 : INFO : Test_Add_Emp_DDT : test_addEmp_ddt_006 : 72 : Click on Save button
 2023-08-04 23:41:10,273 : INFO : Test_Add_Emp_DDT : test_addEmp_ddt_006 : 82 : test_addEmp_ddt_006 is passed
 2023-08-04 23:41:11,479 : INFO : Test_Add_Emp_DDT : test_addEmp_ddt_006 : 61 : First Name
 2023-08-04 23:41:11,552 : INFO : Test_Add_Emp_DDT : test_addEmp_ddt_006 : 64 : Middle Name
 2023-08-04 23:41:11,625 : INFO : Test_Add_Emp_DDT : test_addEmp_ddt_006 : 67 : Last Name
 2023-08-04 23:41:14,688 : INFO : Test_Add_Emp_DDT : test_addEmp_ddt_006 : 72 : Click on Save button
 2023-08-04 23:41:19,850 : INFO : Test_Add_Emp_DDT : test_addEmp_ddt_006 : 82 : test_addEmp_ddt_006 is passed
 2023-08-04 23:41:20,885 : INFO : Test_Add_Emp_DDT : test_addEmp_ddt_006 : 61 : First Name
 2023-08-04 23:41:20,970 : INFO : Test_Add_Emp_DDT : test_addEmp_ddt_006 : 64 : Middle Name
 2023-08-04 23:41:21,042 : INFO : Test_Add_Emp_DDT : test_addEmp_ddt_006 : 67 : Last Name
 2023-08-04 23:41:24,092 : INFO : Test_Add_Emp_DDT : test_addEmp_ddt_006 : 72 : Click on Save button
 2023-08-04 23:41:29,567 : INFO : Test_Add_Emp_DDT : test_addEmp_ddt_006 : 82 : test_addEmp_ddt_006 is passed
 2023-08-04 23:41:30,392 : INFO : Test_Add_Emp_DDT : test_addEmp_ddt_006 : 90 : Click on Menu
 2023-08-04 23:41:31,526 : INFO : Test_Add_Emp_DDT : test_addEmp_ddt_006 : 93 : Click on logout button
 2023-08-04 23:41:31,526 : INFO : Test_Add_Emp_DDT : test_addEmp_ddt_006 : 94 : test_addEmp_ddt_006 is completed
 2023-08-04 23:51:16,361 : INFO : Test_Add_Emp_DDT : test_addEmp_ddt_006 : 27 : test_addEmp_ddt_006 is started
 2023-08-04 23:51:16,362 : INFO : Test_Add_Emp_DDT : test_addEmp_ddt_006 : 28 : Opening Browser
 2023-08-04 23:51:25,641 : INFO : Test_Add_Emp_DDT : test_addEmp_ddt_006 : 36 : Entering username-->Admin
 2023-08-04 23:51:25,739 : INFO : Test_Add_Emp_DDT : test_addEmp_ddt_006 : 38 : Entering username-->admin123
 2023-08-04 23:51:27,181 : INFO : Test_Add_Emp_DDT : test_addEmp_ddt_006 : 43 : Click on login button
 2023-08-04 23:51:29,652 : INFO : Test_Add_Emp_DDT : test_addEmp_ddt_006 : 50 : Click on PIM button
 2023-08-04 23:51:30,952 : INFO : Test_Add_Emp_DDT : test_addEmp_ddt_006 : 53 : Click on Add button
 2023-08-04 23:51:31,550 : INFO : Test_Add_Emp_DDT : test_addEmp_ddt_006 : 63 : Entering First Name-->vijay
 2023-08-04 23:51:31,621 : INFO : Test_Add_Emp_DDT : test_addEmp_ddt_006 : 66 : Entering Middle Name-->s
 2023-08-04 23:51:31,705 : INFO : Test_Add_Emp_DDT : test_addEmp_ddt_006 : 69 : Entering Last Name-->thakre
 2023-08-04 23:51:34,776 : INFO : Test_Add_Emp_DDT : test_addEmp_ddt_006 : 74 : Click on Save button
 2023-08-04 23:51:41,346 : INFO : Test_Add_Emp_DDT : test_addEmp_ddt_006 : 80 : Click on Add_Emp
 2023-08-04 23:51:41,346 : INFO : Test_Add_Emp_DDT : test_addEmp_ddt_006 : 85 : test_addEmp_ddt_006 is passed
 2023-08-04 23:51:42,390 : INFO : Test_Add_Emp_DDT : test_addEmp_ddt_006 : 63 : Entering First Name-->ram
 2023-08-04 23:51:42,466 : INFO : Test_Add_Emp_DDT : test_addEmp_ddt_006 : 66 : Entering Middle Name-->u
 2023-08-04 23:51:42,543 : INFO : Test_Add_Emp_DDT : test_addEmp_ddt_006 : 69 : Entering Last Name-->hire
 2023-08-04 23:51:45,605 : INFO : Test_Add_Emp_DDT : test_addEmp_ddt_006 : 74 : Click on Save button
 2023-08-04 23:51:51,562 : INFO : Test_Add_Emp_DDT : test_addEmp_ddt_006 : 80 : Click on Add_Emp
 2023-08-04 23:51:51,562 : INFO : Test_Add_Emp_DDT : test_addEmp_ddt_006 : 85 : test_addEmp_ddt_006 is passed
 2023-08-04 23:51:52,593 : INFO : Test_Add_Emp_DDT : test_addEmp_ddt_006 : 63 : Entering First Name-->tes
 2023-08-04 23:51:52,670 : INFO : Test_Add_Emp_DDT : test_addEmp_ddt_006 : 66 : Entering Middle Name-->test
 2023-08-04 23:51:52,750 : INFO : Test_Add_Emp_DDT : test_addEmp_ddt_006 : 69 : Entering Last Name-->test
 2023-08-04 23:51:55,801 : INFO : Test_Add_Emp_DDT : test_addEmp_ddt_006 : 74 : Click on Save button
 2023-08-04 23:52:01,679 : INFO : Test_Add_Emp_DDT : test_addEmp_ddt_006 : 80 : Click on Add_Emp
 2023-08-04 23:52:01,679 : INFO : Test_Add_Emp_DDT : test_addEmp_ddt_006 : 85 : test_addEmp_ddt_006 is passed
 2023-08-04 23:52:02,693 : INFO : Test_Add_Emp_DDT : test_addEmp_ddt_006 : 95 : Click on Menu
 2023-08-04 23:52:05,119 : INFO : Test_Add_Emp_DDT : test_addEmp_ddt_006 : 98 : Click on logout button
 2023-08-04 23:52:05,119 : INFO : Test_Add_Emp_DDT : test_addEmp_ddt_006 : 99 : test_addEmp_ddt_006 is completed
 2023-08-05 00:07:18,164 : INFO : Test_Add_Emp_DDT : test_addEmp_ddt_006 : 27 : test_addEmp_ddt_006 is started
 2023-08-05 00:07:18,165 : INFO : Test_Add_Emp_DDT : test_addEmp_ddt_006 : 28 : Opening Browser
 2023-08-05 00:07:27,726 : INFO : Test_Add_Emp_DDT : test_addEmp_ddt_006 : 36 : Entering username-->Admin
 2023-08-05 00:07:27,795 : INFO : Test_Add_Emp_DDT : test_addEmp_ddt_006 : 38 : Entering username-->admin123
 2023-08-05 00:07:29,277 : INFO : Test_Add_Emp_DDT : test_addEmp_ddt_006 : 43 : Click on login button
 2023-08-05 00:07:31,656 : INFO : Test_Add_Emp_DDT : test_addEmp_ddt_006 : 50 : Click on PIM button
 2023-08-05 00:07:33,147 : INFO : Test_Add_Emp_DDT : test_addEmp_ddt_006 : 53 : Click on Add button
 2023-08-05 00:07:34,711 : INFO : Test_Add_Emp_DDT : test_addEmp_ddt_006 : 63 : Entering First Name-->vijay
 2023-08-05 00:07:34,768 : INFO : Test_Add_Emp_DDT : test_addEmp_ddt_006 : 66 : Entering Middle Name-->s
 2023-08-05 00:07:34,833 : INFO : Test_Add_Emp_DDT : test_addEmp_ddt_006 : 69 : Entering Last Name-->thakre
 2023-08-05 00:07:37,885 : INFO : Test_Add_Emp_DDT : test_addEmp_ddt_006 : 74 : Click on Save button
 2023-08-05 00:07:44,167 : INFO : Test_Add_Emp_DDT : test_addEmp_ddt_006 : 80 : Click on Add_Emp
 2023-08-05 00:09:40,249 : INFO : Test_Add_Emp_DDT : test_addEmp_ddt_006 : 27 : test_addEmp_ddt_006 is started
 2023-08-05 00:09:40,251 : INFO : Test_Add_Emp_DDT : test_addEmp_ddt_006 : 28 : Opening Browser
 2023-08-05 00:09:49,930 : INFO : Test_Add_Emp_DDT : test_addEmp_ddt_006 : 36 : Entering username-->Admin
 2023-08-05 00:09:49,994 : INFO : Test_Add_Emp_DDT : test_addEmp_ddt_006 : 38 : Entering username-->admin123
 2023-08-05 00:09:51,393 : INFO : Test_Add_Emp_DDT : test_addEmp_ddt_006 : 43 : Click on login button
 2023-08-05 00:09:53,842 : INFO : Test_Add_Emp_DDT : test_addEmp_ddt_006 : 50 : Click on PIM button
 2023-08-05 00:09:55,766 : INFO : Test_Add_Emp_DDT : test_addEmp_ddt_006 : 53 : Click on Add button
 2023-08-05 00:09:56,305 : INFO : Test_Add_Emp_DDT : test_addEmp_ddt_006 : 63 : Entering First Name-->vijay
 2023-08-05 00:09:56,367 : INFO : Test_Add_Emp_DDT : test_addEmp_ddt_006 : 66 : Entering Middle Name-->s
 2023-08-05 00:09:56,446 : INFO : Test_Add_Emp_DDT : test_addEmp_ddt_006 : 69 : Entering Last Name-->thakre
 2023-08-05 00:09:59,499 : INFO : Test_Add_Emp_DDT : test_addEmp_ddt_006 : 74 : Click on Save button
 2023-08-05 00:10:04,967 : INFO : Test_Add_Emp_DDT : test_addEmp_ddt_006 : 80 : Click on Add_Emp
 2023-08-05 00:10:05,533 : INFO : Test_Add_Emp_DDT : test_addEmp_ddt_006 : 63 : Entering First Name-->ram
 2023-08-05 00:10:05,613 : INFO : Test_Add_Emp_DDT : test_addEmp_ddt_006 : 66 : Entering Middle Name-->u
 2023-08-05 00:10:05,665 : INFO : Test_Add_Emp_DDT : test_addEmp_ddt_006 : 69 : Entering Last Name-->hire
 2023-08-05 00:10:08,719 : INFO : Test_Add_Emp_DDT : test_addEmp_ddt_006 : 74 : Click on Save button
 2023-08-05 00:10:14,838 : INFO : Test_Add_Emp_DDT : test_addEmp_ddt_006 : 80 : Click on Add_Emp
 2023-08-05 00:10:15,972 : INFO : Test_Add_Emp_DDT : test_addEmp_ddt_006 : 63 : Entering First Name-->tes
 2023-08-05 00:10:16,027 : INFO : Test_Add_Emp_DDT : test_addEmp_ddt_006 : 66 : Entering Middle Name-->test
 2023-08-05 00:10:16,074 : INFO : Test_Add_Emp_DDT : test_addEmp_ddt_006 : 69 : Entering Last Name-->test
 2023-08-05 00:10:19,128 : INFO : Test_Add_Emp_DDT : test_addEmp_ddt_006 : 74 : Click on Save button
 2023-08-05 00:10:24,414 : INFO : Test_Add_Emp_DDT : test_addEmp_ddt_006 : 80 : Click on Add_Emp
 2023-08-05 00:10:25,391 : INFO : Test_Add_Emp_DDT : test_addEmp_ddt_006 : 97 : Click on Menu
 2023-08-05 00:10:27,213 : INFO : Test_Add_Emp_DDT : test_addEmp_ddt_006 : 100 : Click on logout button
 2023-08-05 00:10:27,213 : INFO : Test_Add_Emp_DDT : test_addEmp_ddt_006 : 104 : test_addEmp_ddt_006 is passed
 2023-08-05 00:10:27,213 : INFO : Test_Add_Emp_DDT : test_addEmp_ddt_006 : 110 : test_addEmp_ddt_006 is completed
 2023-08-05 11:34:03,143 : INFO : Test_Login_DDT : test_login_ddt_006 : 23 : test_login_002 is started
 2023-08-05 11:34:03,144 : INFO : Test_Login_DDT : test_login_ddt_006 : 24 : Opening Browser
 2023-08-05 11:34:04,441 : INFO : Test_Login_DDT : test_login_ddt_006 : 26 : Go to this url-->https://opensource-demo.orangehrmlive.com/
 2023-08-05 11:34:04,538 : INFO : Test_Login_DDT : test_login_ddt_006 : 78 : test_login_ddt_006 is Completed
 2023-08-05 11:35:33,241 : INFO : Test_Login_DDT : test_login_ddt_006 : 23 : test_login_002 is started
 2023-08-05 11:35:33,241 : INFO : Test_Login_DDT : test_login_ddt_006 : 24 : Opening Browser
 2023-08-05 11:35:34,297 : INFO : Test_Login_DDT : test_login_ddt_006 : 26 : Go to this url-->https://opensource-demo.orangehrmlive.com/
 2023-08-05 11:35:34,301 : INFO : Test_Login_DDT : test_login_ddt_006 : 78 : test_login_ddt_006 is Completed
 2023-08-05 11:37:18,411 : INFO : Test_Login_DDT : test_login_ddt_006 : 23 : test_login_002 is started
 2023-08-05 11:37:18,411 : INFO : Test_Login_DDT : test_login_ddt_006 : 24 : Opening Browser
 2023-08-05 11:37:19,412 : INFO : Test_Login_DDT : test_login_ddt_006 : 26 : Go to this url-->https://opensource-demo.orangehrmlive.com/
 2023-08-05 11:37:20,988 : INFO : Test_Login_DDT : test_login_ddt_006 : 40 : Entering username-->Admin
 2023-08-05 11:37:21,058 : INFO : Test_Login_DDT : test_login_ddt_006 : 46 : Entering password-->admin123
 2023-08-05 11:37:21,102 : INFO : Test_Login_DDT : test_login_ddt_006 : 51 : Click on login button
 2023-08-05 11:37:26,203 : INFO : Test_Login_DDT : test_login_ddt_006 : 59 : Click on Menu button
 2023-08-05 11:37:27,055 : INFO : Test_Login_DDT : test_login_ddt_006 : 61 : Click on logout button
 2023-08-05 11:37:27,557 : INFO : Test_Login_DDT : test_login_ddt_006 : 40 : Entering username-->Admin1
 2023-08-05 11:37:27,608 : INFO : Test_Login_DDT : test_login_ddt_006 : 46 : Entering password-->admin123
 2023-08-05 11:37:27,640 : INFO : Test_Login_DDT : test_login_ddt_006 : 51 : Click on login button
 2023-08-05 11:47:16,159 : INFO : Test_Login_DDT : test_login_ddt_006 : 23 : test_login_002 is started
 2023-08-05 11:47:16,159 : INFO : Test_Login_DDT : test_login_ddt_006 : 24 : Opening Browser
 2023-08-05 11:47:16,968 : INFO : Test_Login_DDT : test_login_ddt_006 : 26 : Go to this url-->https://opensource-demo.orangehrmlive.com/
 2023-08-05 11:47:18,510 : INFO : Test_Login_DDT : test_login_ddt_006 : 41 : Entering username-->Admin
 2023-08-05 11:47:18,585 : INFO : Test_Login_DDT : test_login_ddt_006 : 47 : Entering password-->admin123
 2023-08-05 11:47:18,625 : INFO : Test_Login_DDT : test_login_ddt_006 : 52 : Click on login button
 2023-08-05 11:47:23,702 : INFO : Test_Login_DDT : test_login_ddt_006 : 59 : Click on Menu button
 2023-08-05 11:47:25,104 : INFO : Test_Login_DDT : test_login_ddt_006 : 61 : Click on logout button
 2023-08-05 11:47:25,716 : INFO : Test_Login_DDT : test_login_ddt_006 : 41 : Entering username-->Admin1
 2023-08-05 11:47:25,764 : INFO : Test_Login_DDT : test_login_ddt_006 : 47 : Entering password-->admin123
 2023-08-05 11:47:25,790 : INFO : Test_Login_DDT : test_login_ddt_006 : 52 : Click on login button
 2023-08-05 11:56:41,418 : INFO : Test_Login_DDT : test_login_ddt_006 : 23 : test_login_002 is started
 2023-08-05 11:56:41,419 : INFO : Test_Login_DDT : test_login_ddt_006 : 24 : Opening Browser
 2023-08-05 11:56:42,211 : INFO : Test_Login_DDT : test_login_ddt_006 : 26 : Go to this url-->https://opensource-demo.orangehrmlive.com/
 2023-08-05 11:56:43,747 : INFO : Test_Login_DDT : test_login_ddt_006 : 43 : Entering username-->Admin
 2023-08-05 11:56:43,812 : INFO : Test_Login_DDT : test_login_ddt_006 : 48 : Entering password-->admin123
 2023-08-05 11:56:43,850 : INFO : Test_Login_DDT : test_login_ddt_006 : 53 : Click on login button
 2023-08-05 11:56:48,935 : INFO : Test_Login_DDT : test_login_ddt_006 : 58 : Click on Menu button
 2023-08-05 11:56:49,692 : INFO : Test_Login_DDT : test_login_ddt_006 : 60 : Click on logout button
 2023-08-05 11:56:50,109 : INFO : Test_Login_DDT : test_login_ddt_006 : 43 : Entering username-->Admin1
 2023-08-05 11:56:50,154 : INFO : Test_Login_DDT : test_login_ddt_006 : 48 : Entering password-->admin123
 2023-08-05 11:56:50,183 : INFO : Test_Login_DDT : test_login_ddt_006 : 53 : Click on login button
 2023-08-05 11:58:00,371 : INFO : Test_Login_DDT : test_login_ddt_006 : 23 : test_login_002 is started
 2023-08-05 11:58:00,371 : INFO : Test_Login_DDT : test_login_ddt_006 : 24 : Opening Browser
 2023-08-05 11:58:01,349 : INFO : Test_Login_DDT : test_login_ddt_006 : 26 : Go to this url-->https://opensource-demo.orangehrmlive.com/
 2023-08-05 11:58:03,425 : INFO : Test_Login_DDT : test_login_ddt_006 : 43 : Entering username-->Admin
 2023-08-05 11:58:03,494 : INFO : Test_Login_DDT : test_login_ddt_006 : 48 : Entering password-->admin123
 2023-08-05 11:58:03,533 : INFO : Test_Login_DDT : test_login_ddt_006 : 53 : Click on login button
 2023-08-05 11:58:08,627 : INFO : Test_Login_DDT : test_login_ddt_006 : 58 : Click on Menu button
 2023-08-05 11:58:09,414 : INFO : Test_Login_DDT : test_login_ddt_006 : 60 : Click on logout button
 2023-08-05 11:58:09,811 : INFO : Test_Login_DDT : test_login_ddt_006 : 43 : Entering username-->Admin1
 2023-08-05 11:58:09,858 : INFO : Test_Login_DDT : test_login_ddt_006 : 48 : Entering password-->admin123
 2023-08-05 11:58:09,886 : INFO : Test_Login_DDT : test_login_ddt_006 : 53 : Click on login button
 2023-08-05 12:04:21,820 : INFO : Test_Login_DDT : test_login_ddt_006 : 19 : test_login_ddt_006 is started
 2023-08-05 12:04:21,820 : INFO : Test_Login_DDT : test_login_ddt_006 : 21 : Opening Browser
 2023-08-05 12:04:22,491 : INFO : Test_Login_DDT : test_login_ddt_006 : 23 : Go to this url-->https://opensource-demo.orangehrmlive.com/
 2023-08-05 12:04:23,963 : INFO : Test_Login_DDT : test_login_ddt_006 : 36 : Entering username-->Admin
 2023-08-05 12:04:24,028 : INFO : Test_Login_DDT : test_login_ddt_006 : 39 : Entering password-->admin123
 2023-08-05 12:04:24,072 : INFO : Test_Login_DDT : test_login_ddt_006 : 42 : Click on login button
 2023-08-05 12:04:29,168 : INFO : Test_Login_DDT : test_login_ddt_006 : 47 : Click on Menu button
 2023-08-05 12:04:29,966 : INFO : Test_Login_DDT : test_login_ddt_006 : 49 : Click on logout button
 2023-08-05 12:04:30,404 : INFO : Test_Login_DDT : test_login_ddt_006 : 36 : Entering username-->Admin1
 2023-08-05 12:04:30,455 : INFO : Test_Login_DDT : test_login_ddt_006 : 39 : Entering password-->admin123
 2023-08-05 12:04:31,266 : INFO : Test_Login_DDT : test_login_ddt_006 : 42 : Click on login button
 2023-08-05 12:19:44,842 : INFO : Test_Login_DDT : test_login_ddt_006 : 19 : test_login_ddt_006 is started
 2023-08-05 12:19:44,843 : INFO : Test_Login_DDT : test_login_ddt_006 : 21 : Opening Browser
 2023-08-05 12:19:45,773 : INFO : Test_Login_DDT : test_login_ddt_006 : 23 : Go to this url-->https://opensource-demo.orangehrmlive.com/
 2023-08-05 12:19:47,960 : INFO : Test_Login_DDT : test_login_ddt_006 : 36 : Entering username-->Admin
 2023-08-05 12:19:48,040 : INFO : Test_Login_DDT : test_login_ddt_006 : 39 : Entering password-->admin123
 2023-08-05 12:19:48,087 : INFO : Test_Login_DDT : test_login_ddt_006 : 42 : Click on login button
 2023-08-05 12:19:53,175 : INFO : Test_Login_DDT : test_login_ddt_006 : 47 : Click on Menu button
 2023-08-05 12:19:54,007 : INFO : Test_Login_DDT : test_login_ddt_006 : 49 : Click on logout button
 2023-08-05 12:19:54,395 : INFO : Test_Login_DDT : test_login_ddt_006 : 36 : Entering username-->Admin1
 2023-08-05 12:19:54,459 : INFO : Test_Login_DDT : test_login_ddt_006 : 39 : Entering password-->admin123
 2023-08-05 12:19:54,485 : INFO : Test_Login_DDT : test_login_ddt_006 : 42 : Click on login button
 2023-08-05 12:29:51,653 : INFO : Test_Login_DDT : test_login_ddt_006 : 21 : test_login_ddt_006 is started
 2023-08-05 12:29:51,653 : INFO : Test_Login_DDT : test_login_ddt_006 : 23 : Opening Browser
 2023-08-05 12:29:53,654 : INFO : Test_Login_DDT : test_login_ddt_006 : 25 : Go to this url-->https://opensource-demo.orangehrmlive.com/
 2023-08-05 12:29:56,730 : INFO : Test_Login_DDT : test_login_ddt_006 : 40 : Entering username-->Admin
 2023-08-05 12:29:56,797 : INFO : Test_Login_DDT : test_login_ddt_006 : 43 : Entering password-->admin123
 2023-08-05 12:30:01,703 : INFO : Test_Login_DDT : test_login_ddt_006 : 48 : Click on login button
 2023-08-05 12:30:04,764 : INFO : Test_Login_DDT : test_login_ddt_006 : 55 : Click on Menu button
 2023-08-05 12:30:08,371 : INFO : Test_Login_DDT : test_login_ddt_006 : 57 : Click on logout button
 2023-08-05 12:49:28,862 : INFO : Test_Login_DDT : test_login_ddt_006 : 21 : test_login_ddt_006 is started
 2023-08-05 12:49:28,862 : INFO : Test_Login_DDT : test_login_ddt_006 : 23 : Opening Browser
 2023-08-05 12:49:29,996 : INFO : Test_Login_DDT : test_login_ddt_006 : 25 : Go to this url-->https://opensource-demo.orangehrmlive.com/
 2023-08-05 12:49:33,083 : INFO : Test_Login_DDT : test_login_ddt_006 : 40 : Entering username-->Admin
 2023-08-05 12:49:33,145 : INFO : Test_Login_DDT : test_login_ddt_006 : 43 : Entering password-->admin123
 2023-08-05 12:49:37,383 : INFO : Test_Login_DDT : test_login_ddt_006 : 48 : Click on login button
 2023-08-05 12:49:40,450 : INFO : Test_Login_DDT : test_login_ddt_006 : 60 : Click on Menu button
 2023-08-05 12:49:41,223 : INFO : Test_Login_DDT : test_login_ddt_006 : 62 : Click on logout button
 2023-08-05 12:49:44,272 : INFO : Test_Login_DDT : test_login_ddt_006 : 40 : Entering username-->Admin1
 2023-08-05 12:49:44,328 : INFO : Test_Login_DDT : test_login_ddt_006 : 43 : Entering password-->admin123
 2023-08-05 12:49:47,374 : INFO : Test_Login_DDT : test_login_ddt_006 : 48 : Click on login button
 2023-08-05 12:52:22,491 : INFO : Test_Login_DDT : test_login_ddt_006 : 21 : test_login_ddt_006 is started
 2023-08-05 12:52:22,491 : INFO : Test_Login_DDT : test_login_ddt_006 : 23 : Opening Browser
 2023-08-05 12:52:23,572 : INFO : Test_Login_DDT : test_login_ddt_006 : 25 : Go to this url-->https://opensource-demo.orangehrmlive.com/
 2023-08-05 12:52:26,657 : INFO : Test_Login_DDT : test_login_ddt_006 : 40 : Entering username-->Admin
 2023-08-05 12:52:26,716 : INFO : Test_Login_DDT : test_login_ddt_006 : 43 : Entering password-->admin123
 2023-08-05 12:52:29,798 : INFO : Test_Login_DDT : test_login_ddt_006 : 48 : Click on login button
 2023-08-05 12:52:32,868 : INFO : Test_Login_DDT : test_login_ddt_006 : 55 : Click on Menu button
 2023-08-05 12:52:34,079 : INFO : Test_Login_DDT : test_login_ddt_006 : 57 : Click on logout button
 2023-08-05 12:52:37,171 : INFO : Test_Login_DDT : test_login_ddt_006 : 40 : Entering username-->Admin1
 2023-08-05 12:52:37,214 : INFO : Test_Login_DDT : test_login_ddt_006 : 43 : Entering password-->admin123
 2023-08-05 12:52:40,253 : INFO : Test_Login_DDT : test_login_ddt_006 : 48 : Click on login button
 2023-08-05 12:54:01,803 : INFO : Test_Login_DDT : test_login_ddt_006 : 21 : test_login_ddt_006 is started
 2023-08-05 12:54:01,803 : INFO : Test_Login_DDT : test_login_ddt_006 : 23 : Opening Browser
 2023-08-05 12:54:02,622 : INFO : Test_Login_DDT : test_login_ddt_006 : 25 : Go to this url-->https://opensource-demo.orangehrmlive.com/
 2023-08-05 12:54:05,696 : INFO : Test_Login_DDT : test_login_ddt_006 : 40 : Entering username-->Admin
 2023-08-05 12:54:05,751 : INFO : Test_Login_DDT : test_login_ddt_006 : 43 : Entering password-->admin123
 2023-08-05 12:54:08,808 : INFO : Test_Login_DDT : test_login_ddt_006 : 48 : Click on login button
 2023-08-05 12:54:11,877 : INFO : Test_Login_DDT : test_login_ddt_006 : 55 : Click on Menu button
 2023-08-05 12:54:12,962 : INFO : Test_Login_DDT : test_login_ddt_006 : 57 : Click on logout button
 2023-08-05 12:54:16,057 : INFO : Test_Login_DDT : test_login_ddt_006 : 40 : Entering username-->Admin1
 2023-08-05 12:54:16,104 : INFO : Test_Login_DDT : test_login_ddt_006 : 43 : Entering password-->admin123
 2023-08-05 12:54:19,159 : INFO : Test_Login_DDT : test_login_ddt_006 : 48 : Click on login button
 2023-08-05 12:54:40,359 : INFO : Test_Login_DDT : test_login_ddt_006 : 40 : Entering username-->Admin
 2023-08-05 12:54:40,411 : INFO : Test_Login_DDT : test_login_ddt_006 : 43 : Entering password-->Aadmin1234
 2023-08-05 12:54:43,467 : INFO : Test_Login_DDT : test_login_ddt_006 : 48 : Click on login button
 2023-08-05 12:55:04,657 : INFO : Test_Login_DDT : test_login_ddt_006 : 40 : Entering username-->Admin1
 2023-08-05 12:55:04,707 : INFO : Test_Login_DDT : test_login_ddt_006 : 43 : Entering password-->Aadmin1234
 2023-08-05 12:55:07,788 : INFO : Test_Login_DDT : test_login_ddt_006 : 48 : Click on login button
 2023-08-05 12:55:25,853 : INFO : Test_Login_DDT : test_login_ddt_006 : 72 : test_login_ddt_006 is Failed
 2023-08-05 13:10:51,775 : INFO : Test_Add_Emp : test_addEmp_003 : 23 : test_addEmp_003 is started
 2023-08-05 13:10:51,775 : INFO : Test_Add_Emp : test_addEmp_003 : 24 : Opening Browser
 2023-08-05 13:10:53,453 : INFO : Test_Add_Emp : test_addEmp_003 : 31 : Entering username-->Admin
 2023-08-05 13:10:53,514 : INFO : Test_Add_Emp : test_addEmp_003 : 33 : Entering username-->admin123
 2023-08-05 13:10:53,553 : INFO : Test_Add_Emp : test_addEmp_003 : 38 : Click on login button
 2023-08-05 13:10:57,393 : INFO : Test_Add_Emp : test_addEmp_003 : 42 : Click on PIM button
 2023-08-05 13:10:58,969 : INFO : Test_Search_Emp : test_searchEmp_005 : 21 : test_searchEmp_005 is started
 2023-08-05 13:10:58,969 : INFO : Test_Search_Emp : test_searchEmp_005 : 25 : opening browser
 2023-08-05 13:10:59,421 : INFO : Test_Add_Emp : test_addEmp_003 : 45 : Click on Add button
 2023-08-05 13:10:59,974 : INFO : Test_Add_Emp : test_addEmp_003 : 48 : First Name
 2023-08-05 13:11:00,057 : INFO : Test_Search_Emp : test_searchEmp_005 : 27 : Going to url-->https://opensource-demo.orangehrmlive.com/
 2023-08-05 13:11:00,058 : INFO : Test_Add_Emp : test_addEmp_003 : 51 : Middle Name
 2023-08-05 13:11:00,118 : INFO : Test_Add_Emp : test_addEmp_003 : 54 : Last Name
 2023-08-05 13:11:01,761 : INFO : Test_Login : test_Page_Title_001 : 24 : test_Page_Title_001 is started
 2023-08-05 13:11:01,761 : INFO : Test_Login : test_Page_Title_001 : 25 : Opening Browser
 2023-08-05 13:11:03,167 : INFO : Test_Add_Emp : test_addEmp_003 : 59 : Click on Save button
 2023-08-05 13:11:03,203 : INFO : Test_Login : test_Page_Title_001 : 27 : Go to this url-->https://opensource-demo.orangehrmlive.com/
 2023-08-05 13:11:03,208 : INFO : Test_Login : test_Page_Title_001 : 35 : test_Page_Title_001 is Passed
 2023-08-05 13:11:03,211 : INFO : Test_Login : test_Page_Title_001 : 36 : Page Title is-->OrangeHRM
 2023-08-05 13:11:03,282 : INFO : Test_Login : test_Page_Title_001 : 42 : test_Page_Title_001 is completed
 2023-08-05 13:11:05,137 : INFO : Test_Search_Emp : test_searchEmp_005 : 34 : Entering username-->Admin
 2023-08-05 13:11:05,207 : INFO : Test_Search_Emp : test_searchEmp_005 : 37 : Entering Password-->admin123
 2023-08-05 13:11:07,682 : INFO : Test_Add_Emp : test_addEmp_003 : 68 : Click on Menu
 2023-08-05 13:11:09,457 : INFO : Test_Add_Emp : test_addEmp_003 : 71 : Click on logout button
 2023-08-05 13:11:09,560 : INFO : Test_Add_Emp : test_addEmp_003 : 75 : test_addEmp_003 is passed
 2023-08-05 13:11:09,560 : INFO : Test_Add_Emp : test_addEmp_003 : 82 : test_addEmp_003 is completed
 2023-08-05 13:11:10,269 : INFO : Test_Search_Emp : test_searchEmp_005 : 42 : Click on login button
 2023-08-05 13:11:14,123 : INFO : Test_Search_Emp : test_searchEmp_005 : 48 : Click on PIM button
 2023-08-05 13:11:17,232 : INFO : Test_Search_Emp : test_searchEmp_005 : 55 : Entering EmpName
 2023-08-05 13:11:17,310 : INFO : Test_Search_Emp : test_searchEmp_005 : 58 : Click on Search
 2023-08-05 13:11:23,360 : INFO : Test_Search_Emp : test_searchEmp_005 : 67 : Search Found
 2023-08-05 13:11:23,360 : INFO : Test_Search_Emp : test_searchEmp_005 : 68 : test_searchEmp_005 is Passed
 2023-08-05 13:11:23,393 : INFO : Test_Search_Emp : test_searchEmp_005 : 71 : Click on Menu Button
 2023-08-05 13:11:24,991 : INFO : Test_Search_Emp : test_searchEmp_005 : 74 : Click on logout Button
 2023-08-05 13:11:24,991 : INFO : Test_Search_Emp : test_searchEmp_005 : 78 : test_searchEmp_005 is Passed
 2023-08-05 13:44:45,594 : INFO : Test_Search_Emp : test_searchEmp_005 : 21 : test_searchEmp_005 is started
 2023-08-05 13:44:45,594 : INFO : Test_Search_Emp : test_searchEmp_005 : 25 : opening browser
 2023-08-05 13:44:46,534 : INFO : Test_Add_Emp : test_addEmp_003 : 23 : test_addEmp_003 is started
 2023-08-05 13:44:46,534 : INFO : Test_Add_Emp : test_addEmp_003 : 24 : Opening Browser
 2023-08-05 13:44:47,053 : INFO : Test_Login : test_Page_Title_001 : 24 : test_Page_Title_001 is started
 2023-08-05 13:44:47,053 : INFO : Test_Login : test_Page_Title_001 : 25 : Opening Browser
 2023-08-05 13:44:47,455 : INFO : Test_Search_Emp : test_searchEmp_005 : 27 : Going to url-->https://opensource-demo.orangehrmlive.com/
 2023-08-05 13:44:48,791 : INFO : Test_Login : test_Page_Title_001 : 27 : Go to this url-->https://opensource-demo.orangehrmlive.com/
 2023-08-05 13:44:48,801 : INFO : Test_Login : test_Page_Title_001 : 35 : test_Page_Title_001 is Passed
 2023-08-05 13:44:48,805 : INFO : Test_Login : test_Page_Title_001 : 36 : Page Title is-->OrangeHRM
 2023-08-05 13:44:48,896 : INFO : Test_Login : test_Page_Title_001 : 42 : test_Page_Title_001 is completed
 2023-08-05 13:44:49,051 : INFO : Test_Add_Emp : test_addEmp_003 : 31 : Entering username-->Admin
 2023-08-05 13:44:49,151 : INFO : Test_Add_Emp : test_addEmp_003 : 33 : Entering username-->admin123
 2023-08-05 13:44:51,075 : INFO : Test_Add_Emp : test_addEmp_003 : 38 : Click on login button
 2023-08-05 13:44:52,574 : INFO : Test_Search_Emp : test_searchEmp_005 : 34 : Entering username-->Admin
 2023-08-05 13:44:52,681 : INFO : Test_Search_Emp : test_searchEmp_005 : 37 : Entering Password-->admin123
 2023-08-05 13:44:52,909 : INFO : Test_Add_Emp : test_addEmp_003 : 42 : Click on PIM button
 2023-08-05 13:44:54,196 : INFO : Test_Add_Emp : test_addEmp_003 : 45 : Click on Add button
 2023-08-05 13:44:54,770 : INFO : Test_Add_Emp : test_addEmp_003 : 48 : First Name
 2023-08-05 13:44:54,830 : INFO : Test_Add_Emp : test_addEmp_003 : 51 : Middle Name
 2023-08-05 13:44:54,884 : INFO : Test_Add_Emp : test_addEmp_003 : 54 : Last Name
 2023-08-05 13:44:57,963 : INFO : Test_Add_Emp : test_addEmp_003 : 59 : Click on Save button
 2023-08-05 13:44:59,443 : INFO : Test_Search_Emp : test_searchEmp_005 : 42 : Click on login button
 2023-08-05 13:45:01,709 : INFO : Test_Search_Emp : test_searchEmp_005 : 48 : Click on PIM button
 2023-08-05 13:45:03,086 : INFO : Test_Add_Emp : test_addEmp_003 : 68 : Click on Menu
 2023-08-05 13:45:04,840 : INFO : Test_Search_Emp : test_searchEmp_005 : 55 : Entering EmpName
 2023-08-05 13:45:04,926 : INFO : Test_Search_Emp : test_searchEmp_005 : 58 : Click on Search
 2023-08-05 13:45:05,909 : INFO : Test_Add_Emp : test_addEmp_003 : 71 : Click on logout button
 2023-08-05 13:45:06,014 : INFO : Test_Add_Emp : test_addEmp_003 : 75 : test_addEmp_003 is passed
 2023-08-05 13:45:06,014 : INFO : Test_Add_Emp : test_addEmp_003 : 82 : test_addEmp_003 is completed
 2023-08-05 13:45:10,541 : INFO : Test_Search_Emp : test_searchEmp_005 : 67 : Search Found
 2023-08-05 13:45:10,541 : INFO : Test_Search_Emp : test_searchEmp_005 : 68 : test_searchEmp_005 is Passed
 2023-08-05 13:45:10,587 : INFO : Test_Search_Emp : test_searchEmp_005 : 71 : Click on Menu Button
 2023-08-05 13:45:12,258 : INFO : Test_Search_Emp : test_searchEmp_005 : 74 : Click on logout Button
 2023-08-05 13:45:12,258 : INFO : Test_Search_Emp : test_searchEmp_005 : 78 : test_searchEmp_005 is Passed
 2023-08-05 13:57:27,493 : INFO : Test_Add_Emp : test_addEmp_003 : 23 : test_addEmp_003 is started
 2023-08-05 13:57:27,493 : INFO : Test_Add_Emp : test_addEmp_003 : 24 : Opening Browser
 2023-08-05 13:57:30,092 : INFO : Test_Add_Emp : test_addEmp_003 : 31 : Entering username-->Admin
 2023-08-05 13:57:30,276 : INFO : Test_Add_Emp : test_addEmp_003 : 33 : Entering username-->admin123
 2023-08-05 13:57:30,546 : INFO : Test_Login : test_Page_Title_001 : 24 : test_Page_Title_001 is started
 2023-08-05 13:57:30,547 : INFO : Test_Login : test_Page_Title_001 : 25 : Opening Browser
 2023-08-05 13:57:30,877 : INFO : Test_Search_Emp : test_searchEmp_005 : 21 : test_searchEmp_005 is started
 2023-08-05 13:57:30,879 : INFO : Test_Search_Emp : test_searchEmp_005 : 25 : opening browser
 2023-08-05 13:57:32,233 : INFO : Test_Add_Emp : test_addEmp_003 : 38 : Click on login button
 2023-08-05 13:57:32,792 : INFO : Test_Login : test_Page_Title_001 : 27 : Go to this url-->https://opensource-demo.orangehrmlive.com/
 2023-08-05 13:57:32,807 : INFO : Test_Login : test_Page_Title_001 : 35 : test_Page_Title_001 is Passed
 2023-08-05 13:57:32,812 : INFO : Test_Login : test_Page_Title_001 : 36 : Page Title is-->OrangeHRM
 2023-08-05 13:57:32,863 : INFO : Test_Search_Emp : test_searchEmp_005 : 27 : Going to url-->https://opensource-demo.orangehrmlive.com/
 2023-08-05 13:57:32,926 : INFO : Test_Login : test_Page_Title_001 : 42 : test_Page_Title_001 is completed
 2023-08-05 13:57:34,480 : INFO : Test_Add_Emp : test_addEmp_003 : 42 : Click on PIM button
 2023-08-05 13:57:35,986 : INFO : Test_Add_Emp : test_addEmp_003 : 45 : Click on Add button
 2023-08-05 13:57:36,789 : INFO : Test_Add_Emp : test_addEmp_003 : 48 : First Name
 2023-08-05 13:57:36,944 : INFO : Test_Add_Emp : test_addEmp_003 : 51 : Middle Name
 2023-08-05 13:57:37,148 : INFO : Test_Add_Emp : test_addEmp_003 : 54 : Last Name
 2023-08-05 13:57:38,143 : INFO : Test_Search_Emp : test_searchEmp_005 : 34 : Entering username-->Admin
 2023-08-05 13:57:38,321 : INFO : Test_Search_Emp : test_searchEmp_005 : 37 : Entering Password-->admin123
 2023-08-05 13:57:40,277 : INFO : Test_Add_Emp : test_addEmp_003 : 59 : Click on Save button
 2023-08-05 13:57:44,878 : INFO : Test_Search_Emp : test_searchEmp_005 : 42 : Click on login button
 2023-08-05 13:57:47,205 : INFO : Test_Search_Emp : test_searchEmp_005 : 48 : Click on PIM button
 2023-08-05 13:57:47,292 : INFO : Test_Add_Emp : test_addEmp_003 : 68 : Click on Menu
 2023-08-05 13:57:48,198 : INFO : Test_Add_Emp : test_addEmp_003 : 71 : Click on logout button
 2023-08-05 13:57:48,356 : INFO : Test_Add_Emp : test_addEmp_003 : 75 : test_addEmp_003 is passed
 2023-08-05 13:57:48,356 : INFO : Test_Add_Emp : test_addEmp_003 : 82 : test_addEmp_003 is completed
 2023-08-05 13:57:50,408 : INFO : Test_Search_Emp : test_searchEmp_005 : 55 : Entering EmpName
 2023-08-05 13:57:50,582 : INFO : Test_Search_Emp : test_searchEmp_005 : 58 : Click on Search
 2023-08-05 13:57:56,215 : INFO : Test_Search_Emp : test_searchEmp_005 : 67 : Search Found
 2023-08-05 13:57:56,215 : INFO : Test_Search_Emp : test_searchEmp_005 : 68 : test_searchEmp_005 is Passed
 2023-08-05 13:57:56,366 : INFO : Test_Search_Emp : test_searchEmp_005 : 71 : Click on Menu Button
 2023-08-05 13:57:57,858 : INFO : Test_Search_Emp : test_searchEmp_005 : 74 : Click on logout Button
 2023-08-05 13:57:57,858 : INFO : Test_Search_Emp : test_searchEmp_005 : 78 : test_searchEmp_005 is Passed
 2023-08-05 17:43:28,238 : INFO : Test_Search_Emp : test_searchEmp_005 : 21 : test_searchEmp_005 is started
 2023-08-05 17:43:28,238 : INFO : Test_Search_Emp : test_searchEmp_005 : 25 : opening browser
 2023-08-05 17:43:29,370 : INFO : Test_Search_Emp : test_searchEmp_005 : 27 : Going to url-->https://opensource-demo.orangehrmlive.com/
 2023-08-05 17:43:34,530 : INFO : Test_Search_Emp : test_searchEmp_005 : 34 : Entering username-->Admin
 2023-08-05 17:43:34,711 : INFO : Test_Search_Emp : test_searchEmp_005 : 37 : Entering Password-->admin123
 2023-08-05 17:43:36,513 : INFO : Test_Login : test_Page_Title_001 : 24 : test_Page_Title_001 is started
 2023-08-05 17:43:36,513 : INFO : Test_Login : test_Page_Title_001 : 25 : Opening Browser
 2023-08-05 17:43:37,691 : INFO : Test_Login : test_Page_Title_001 : 27 : Go to this url-->https://opensource-demo.orangehrmlive.com/
 2023-08-05 17:43:37,698 : INFO : Test_Login : test_Page_Title_001 : 35 : test_Page_Title_001 is Passed
 2023-08-05 17:43:37,715 : INFO : Test_Login : test_Page_Title_001 : 36 : Page Title is-->OrangeHRM
 2023-08-05 17:43:37,835 : INFO : Test_Login : test_Page_Title_001 : 42 : test_Page_Title_001 is completed
 2023-08-05 17:43:38,358 : INFO : Test_Add_Emp : test_addEmp_003 : 23 : test_addEmp_003 is started
 2023-08-05 17:43:38,358 : INFO : Test_Add_Emp : test_addEmp_003 : 24 : Opening Browser
 2023-08-05 17:43:39,853 : INFO : Test_Search_Emp : test_searchEmp_005 : 42 : Click on login button
 2023-08-05 17:43:40,745 : INFO : Test_Add_Emp : test_addEmp_003 : 31 : Entering username-->Admin
 2023-08-05 17:43:40,951 : INFO : Test_Add_Emp : test_addEmp_003 : 33 : Entering username-->admin123
 2023-08-05 17:43:41,113 : INFO : Test_Add_Emp : test_addEmp_003 : 38 : Click on login button
 2023-08-05 17:43:43,138 : INFO : Test_Search_Emp : test_searchEmp_005 : 48 : Click on PIM button
 2023-08-05 17:43:44,831 : INFO : Test_Add_Emp : test_addEmp_003 : 42 : Click on PIM button
 2023-08-05 17:43:46,338 : INFO : Test_Search_Emp : test_searchEmp_005 : 55 : Entering EmpName
 2023-08-05 17:43:46,371 : INFO : Test_Add_Emp : test_addEmp_003 : 45 : Click on Add button
 2023-08-05 17:43:46,509 : INFO : Test_Search_Emp : test_searchEmp_005 : 58 : Click on Search
 2023-08-05 17:43:47,073 : INFO : Test_Add_Emp : test_addEmp_003 : 48 : First Name
 2023-08-05 17:43:47,226 : INFO : Test_Add_Emp : test_addEmp_003 : 51 : Middle Name
 2023-08-05 17:43:47,396 : INFO : Test_Add_Emp : test_addEmp_003 : 54 : Last Name
 2023-08-05 17:43:50,515 : INFO : Test_Add_Emp : test_addEmp_003 : 59 : Click on Save button
 2023-08-05 17:43:52,038 : INFO : Test_Search_Emp : test_searchEmp_005 : 67 : Search Found
 2023-08-05 17:43:52,038 : INFO : Test_Search_Emp : test_searchEmp_005 : 68 : test_searchEmp_005 is Passed
 2023-08-05 17:43:52,124 : INFO : Test_Search_Emp : test_searchEmp_005 : 71 : Click on Menu Button
 2023-08-05 17:43:54,328 : INFO : Test_Search_Emp : test_searchEmp_005 : 74 : Click on logout Button
 2023-08-05 17:43:54,331 : INFO : Test_Search_Emp : test_searchEmp_005 : 78 : test_searchEmp_005 is Passed
 2023-08-05 17:43:56,717 : INFO : Test_Add_Emp : test_addEmp_003 : 68 : Click on Menu
 2023-08-05 17:43:57,767 : INFO : Test_Add_Emp : test_addEmp_003 : 71 : Click on logout button
 2023-08-05 17:43:57,917 : INFO : Test_Add_Emp : test_addEmp_003 : 75 : test_addEmp_003 is passed
 2023-08-05 17:43:57,917 : INFO : Test_Add_Emp : test_addEmp_003 : 82 : test_addEmp_003 is completed
